WellDone/proguard/mapping.txt
com.gxq.welldone.AlertActivity -> com.gxq.welldone.AlertActivity:
    android.content.Context mContext -> a
    android.media.MediaPlayer mMediaPlayer -> b
    boolean mIsNormalMode -> c
    android.media.AudioManager audioManager -> d
    void onCreate(android.os.Bundle) -> onCreate
    void onPause() -> onPause
    void onStop() -> onStop
    boolean access$0(com.gxq.welldone.AlertActivity) -> a
    android.media.MediaPlayer access$1(com.gxq.welldone.AlertActivity) -> b
    android.content.Context access$2(com.gxq.welldone.AlertActivity) -> c
com.gxq.welldone.AlertActivity$1 -> com.gxq.welldone.a:
    com.gxq.welldone.AlertActivity this$0 -> a
    void onClick(android.content.DialogInterface,int) -> onClick
com.gxq.welldone.EidtPageActivity -> com.gxq.welldone.EidtPageActivity:
    android.content.Context mContext -> a
    java.lang.String mFromWhat -> b
    int mRowId -> c
    android.widget.EditText mEditText -> d
    java.lang.String mTitle -> e
    android.widget.Switch mSwitchAlertState -> f
    int mAlertState -> g
    android.widget.Button mButtonAlertTime -> h
    java.lang.String mRemindTime -> i
    java.lang.String mEditTime -> j
    android.widget.Button mButtonPriority -> k
    int mPriority -> l
    android.widget.Button mButtonSave -> m
    android.widget.Button mButtonCancel -> n
    int mIsComplete -> o
    int mIsCommit -> p
    int mIsRemind -> q
    int mDeleteFlag -> r
    com.gxq.utils.TimeUtils mTimeUtils -> s
    android.widget.ScrollView mScrollView -> t
    boolean mIsEmpty -> u
    org.json.JSONObject mJSONObject -> v
    org.json.JSONArray mJSONArray -> w
    boolean mFlag -> x
    int mInsertResult -> y
    com.gxq.db.TaskTableDb mDbHelper -> z
    int mUserId -> A
    int mServerId -> B
    int DIALOG_DATEPICKER -> C
    int DIALOG_PRIOR -> D
    int serverid -> E
    java.lang.String title -> F
    java.lang.String remindtime -> G
    int prior -> H
    int remindpattern -> I
    int iscomplete -> J
    java.lang.String edittime -> K
    int isremind -> L
    int iscommit -> M
    int deleteflag -> N
    android.view.View$OnClickListener mOnClickListener -> O
    android.text.TextWatcher mTextWatcher -> P
com.gxq.welldone.EidtPageActivity$1 -> com.gxq.welldone.b:
    com.gxq.welldone.EidtPageActivity this$0 -> a
    void onClick(android.view.View) -> onClick
com.gxq.welldone.EidtPageActivity$2 -> com.gxq.welldone.c:
    java.lang.CharSequence temp -> b
    int editStart -> c
    int editEnd -> d
    int max -> e
    com.gxq.welldone.EidtPageActivity this$0 -> a
    void beforeTextChanged(java.lang.CharSequence,int,int,int) -> beforeTextChanged
    void onTextChanged(java.lang.CharSequence,int,int,int) -> onTextChanged
    void afterTextChanged(android.text.Editable) -> afterTextChanged
com.gxq.welldone.EidtPageActivity$3 -> com.gxq.welldone.d:
    com.gxq.welldone.EidtPageActivity this$0 -> a
    void onClick(android.content.DialogInterface,int) -> onClick
com.gxq.welldone.EidtPageActivity$InsertTask -> com.gxq.welldone.e:
    com.gxq.welldone.EidtPageActivity this$0 -> a
    java.lang.Object doInBackground(java.lang.Object[]) -> doInBackground
com.gxq.welldone.EidtPageActivity$UpdateTask -> com.gxq.welldone.f:
    com.gxq.welldone.EidtPageActivity this$0 -> a
    java.lang.Object doInBackground(java.lang.Object[]) -> doInBackground
...
android.support.v4.view.VelocityTrackerCompat -> android.support.v4.view.aj:
    android.support.v4.view.VelocityTrackerCompat$VelocityTrackerVersionImpl IMPL -> a
    float getXVelocity(android.view.VelocityTracker,int) -> a
    float getYVelocity(android.view.VelocityTracker,int) -> b
android.support.v4.view.VelocityTrackerCompat$BaseVelocityTrackerVersionImpl -> android.support.v4.view.ak:
    float getXVelocity(android.view.VelocityTracker,int) -> a
    float getYVelocity(android.view.VelocityTracker,int) -> b
android.support.v4.view.VelocityTrackerCompat$HoneycombVelocityTrackerVersionImpl -> android.support.v4.view.al:
    float getXVelocity(android.view.VelocityTracker,int) -> a
    float getYVelocity(android.view.VelocityTracker,int) -> b
android.support.v4.view.VelocityTrackerCompat$VelocityTrackerVersionImpl -> android.support.v4.view.am:
    float getXVelocity(android.view.VelocityTracker,int) -> a
    float getYVelocity(android.view.VelocityTracker,int) -> b
android.support.v4.view.ViewCompat -> android.support.v4.view.an:
    android.support.v4.view.ViewCompat$ViewCompatImpl IMPL -> a
    boolean canScrollHorizontally(android.view.View,int) -> a
    int getOverScrollMode(android.view.View) -> a
    void setAccessibilityDelegate(android.view.View,android.support.v4.view.AccessibilityDelegateCompat) -> a
    void postInvalidateOnAnimation(android.view.View) -> b
    void postInvalidateOnAnimation(android.view.View,int,int,int,int) -> a
    void postOnAnimation(android.view.View,java.lang.Runnable) -> a
    int getImportantForAccessibility(android.view.View) -> c
    void setImportantForAccessibility$5359dc9a(android.view.View) -> d
    void setLayerType(android.view.View,int,android.graphics.Paint) -> a
    int getLayerType(android.view.View) -> e
    void setLayerPaint(android.view.View,android.graphics.Paint) -> a
    int getLayoutDirection(android.view.View) -> f
    android.view.ViewParent getParentForAccessibility(android.view.View) -> g
    boolean isOpaque(android.view.View) -> h
android.support.v4.view.ViewCompat$BaseViewCompatImpl -> android.support.v4.view.ao:
    boolean canScrollHorizontally(android.view.View,int) -> a
    int getOverScrollMode(android.view.View) -> a
    void setAccessibilityDelegate(android.view.View,android.support.v4.view.AccessibilityDelegateCompat) -> a
    void postInvalidateOnAnimation(android.view.View) -> b
    void postInvalidateOnAnimation(android.view.View,int,int,int,int) -> a
    void postOnAnimation(android.view.View,java.lang.Runnable) -> a
    long getFrameTime() -> a
    int getImportantForAccessibility(android.view.View) -> c
    void setImportantForAccessibility$5359dc9a(android.view.View) -> d
    void setLayerType(android.view.View,int,android.graphics.Paint) -> a
    int getLayerType(android.view.View) -> e
    void setLayerPaint(android.view.View,android.graphics.Paint) -> a
    int getLayoutDirection(android.view.View) -> f
    android.view.ViewParent getParentForAccessibility(android.view.View) -> g
    boolean isOpaque(android.view.View) -> h
android.support.v4.view.ViewCompat$EclairMr1ViewCompatImpl -> android.support.v4.view.ap:
    boolean isOpaque(android.view.View) -> h
android.support.v4.view.ViewCompat$GBViewCompatImpl -> android.support.v4.view.aq:
    int getOverScrollMode(android.view.View) -> a
android.support.v4.view.ViewCompat$HCViewCompatImpl -> android.support.v4.view.ar:
    long getFrameTime() -> a
    void setLayerType(android.view.View,int,android.graphics.Paint) -> a
    int getLayerType(android.view.View) -> e
    void setLayerPaint(android.view.View,android.graphics.Paint) -> a
android.support.v4.view.ViewCompat$ICSViewCompatImpl -> android.support.v4.view.as:
    boolean canScrollHorizontally(android.view.View,int) -> a
    void setAccessibilityDelegate(android.view.View,android.support.v4.view.AccessibilityDelegateCompat) -> a